01:49:59.978 [main] INFO  Resources.base - site openend succesfully
01:50:02.405 [main] INFO  Resources.base - clicked on gift icon
01:50:02.603 [main] INFO  Resources.base - Selected the amount 1000rs
01:50:02.736 [main] INFO  Resources.base - Giftcard added to cart
01:50:04.030 [main] INFO  Resources.base - Clicked on checkout
01:50:04.236 [main] INFO  Resources.base - Verified the RECEIVE UPDATES ON popup
01:50:13.941 [main] INFO  Resources.base - site openend succesfully
01:50:14.064 [main] INFO  Resources.base - Clicked on search box
01:50:14.065 [main] INFO  Resources.base - Verifing that popular suggestion list is present or not
01:50:14.224 [main] INFO  Resources.base - Popular suggestion list is validated
01:50:23.780 [main] INFO  Resources.base - site openend succesfully
01:50:23.781 [main] INFO  Resources.base - Total Div available in home page
01:50:23.885 [main] INFO  Resources.base - Total Div column available in footer
01:50:23.906 [main] INFO  Resources.base - Condition passed
01:50:33.847 [main] INFO  Resources.base - site openend succesfully
01:50:33.942 [main] INFO  Resources.base - Nav link count:4 (expected)
01:50:33.942 [main] INFO  Resources.base - The Total count MATCHED
01:50:39.904 [main] INFO  Resources.base - site openend succesfully
01:50:43.024 [main] INFO  Resources.base - clicked on corporate gift tab
01:50:43.657 [main] INFO  Resources.base - Enter the details for communication
01:50:43.722 [main] INFO  Resources.base - clicked on submit button
01:50:46.165 [main] INFO  Resources.base - landed on destination page successfuly
01:50:56.127 [main] INFO  Resources.base - site openend succesfully
01:51:01.300 [main] INFO  Resources.base - Hover to official merchandice
01:51:07.809 [main] INFO  Resources.base - Selected the Dc merchandise option
01:51:08.089 [main] INFO  Resources.base - Validated that landed on correct page
01:51:17.876 [main] INFO  Resources.base - site openend succesfully
01:51:18.008 [main] INFO  Resources.base - Clicked on search box
01:51:18.222 [main] INFO  Resources.base - Searched for CHRISTMAS GIFTS
01:51:23.351 [main] INFO  Resources.base - Selected item
01:51:23.525 [main] INFO  Resources.base - increased quantity if item to 2
01:51:23.567 [main] INFO  Resources.base - Added to cart
01:51:24.549 [main] INFO  Resources.base - Clicked on checkout Option
01:51:24.741 [main] INFO  Resources.base - TESTCASE EXECUTED SUCCESSFULLY
01:51:34.440 [main] INFO  Resources.base - site openend succesfully
01:51:37.185 [main] INFO  Resources.base - Clicked on personalised gift option
01:51:46.957 [main] INFO  Resources.base - clicked on a product
01:51:47.434 [main] INFO  Resources.base - clicked on ADD TO WISHLIST option
01:51:51.287 [main] INFO  Resources.base - Option wishlist page
01:51:51.287 [main] INFO  Resources.base - Verifing that the product is added to wishlist or not
01:51:51.941 [main] INFO  Resources.base - Product added to wishlist successfully
01:52:01.740 [main] INFO  Resources.base - site openend succesfully
01:52:04.768 [main] INFO  Resources.base - clicked on WHAT'S NEW TAB
01:52:04.768 [main] INFO  Resources.base - verifing that we have landed on correct page
01:52:04.912 [main] INFO  Resources.base - verified successfully
01:52:14.915 [main] INFO  Resources.base - site openend succesfully
01:52:16.394 [main] INFO  Resources.base - clicked on signin icon
01:52:16.684 [main] INFO  Resources.base - Entered valid login credentials
01:52:18.750 [main] INFO  Resources.base - Clicked on Login button
01:52:18.870 [main] INFO  Resources.base - successfully validated
